<?xml version="1.0" encoding="UTF-8"?>
<!-- Generated by org.testng.reporters.JUnitXMLReporter -->
<testsuite ignored="0" hostname="BCIT-WIN-S1427" failures="1" tests="2" name="SubmitOrderTest" time="0.119" errors="0" timestamp="2024-01-30T23:04:44 IST">
  <testcase classname="Selenium.SeleniumFrameWorkTestNG.SubmitOrderTest" name="submitOrder" time="0.0">
    <failure type="java.lang.RuntimeException" message="java.nio.file.NoSuchFileException: C:\Users\veereshkumar.s\eclipse-workspace\SeleniumFrameWorkTestNG\src\test\java\Selenium.SeleniumFrameWorkTestNG\data\PurchaseOrder.json">
      <![CDATA[java.lang.RuntimeException: java.nio.file.NoSuchFileException: C:\Users\veereshkumar.s\eclipse-workspace\SeleniumFrameWorkTestNG\src\test\java\Selenium.SeleniumFrameWorkTestNG\data\PurchaseOrder.json
at java.base/java.util.ArrayList.forEach(ArrayList.java:1511)
Caused by: java.nio.file.NoSuchFileException: C:\Users\veereshkumar.s\eclipse-workspace\SeleniumFrameWorkTestNG\src\test\java\Selenium.SeleniumFrameWorkTestNG\data\PurchaseOrder.json
at java.base/sun.nio.fs.WindowsException.translateToIOException(WindowsException.java:85)
at java.base/sun.nio.fs.WindowsException.rethrowAsIOException(WindowsException.java:103)
at java.base/sun.nio.fs.WindowsException.rethrowAsIOException(WindowsException.java:108)
at java.base/sun.nio.fs.WindowsFileSystemProvider.newByteChannel(WindowsFileSystemProvider.java:236)
at java.base/java.nio.file.Files.newByteChannel(Files.java:380)
at java.base/java.nio.file.Files.newByteChannel(Files.java:432)
at java.base/java.nio.file.spi.FileSystemProvider.newInputStream(FileSystemProvider.java:422)
at java.base/java.nio.file.Files.newInputStream(Files.java:160)
at org.apache.commons.io.FileUtils.lambda$readFileToString$12(FileUtils.java:2616)
at org.apache.commons.io.IOUtils.toString(IOUtils.java:3177)
at org.apache.commons.io.IOUtils.toString(IOUtils.java:3152)
at org.apache.commons.io.FileUtils.readFileToString(FileUtils.java:2616)
at Selenium.SeleniumFrameWorkTestNG.TestComponents.BaseTest.getJsonDataToMap(BaseTest.java:88)
at Selenium.SeleniumFrameWorkTestNG.SubmitOrderTest.getData(SubmitOrderTest.java:78)
... 25 more
... Removed 32 stack frames]]>
    </failure>
  </testcase> <!-- submitOrder -->
  <testcase classname="Selenium.SeleniumFrameWorkTestNG.SubmitOrderTest" name="OrderHistoryTest" time="0.0">
    <skipped/>
  </testcase> <!-- OrderHistoryTest -->
</testsuite> <!-- SubmitOrderTest -->
